option: -a chm -p
                 200                11630
                 400                 6589
                 800                 9424
                2000                13499
                4000                16744
                8000                43677
               20000               327758
              100000               328539
              500000              1565419
             2000000             15231311
option: -a chm3 -p
                 200                 7916
                 400                 7345
                 800                 9514
                2000                12176
                4000                19454
                8000                25870
               20000                70305
              100000               269888
              500000              1193645
             2000000              6478576
option: -a bdz -p
                 200                 5594
                 400                11593
                 800                 8557
                2000                14420
                4000                12088
                8000                25921
               20000                41167
              100000               175037
              500000              1178970
             2000000              5341414
option: -a chm -h wyhash -p
                 200                 7497
                 400                 7218
                 800                 8735
                2000                13416
                4000                14657
                8000                38191
               20000               432907
              100000               340471
              500000               912561
             2000000              7476871
option: -a chm3 -h wyhash -p
                 200                 6025
                 400                 6417
                 800                 8250
                2000                11180
                4000                12776
                8000                22488
               20000                65737
              100000               270689
              500000              1238149
             2000000              5966881
option: -a bdz -h wyhash -p
                 200                 6032
                 400                 6955
                 800                 7960
                2000                 8941
                4000                13629
                8000                21209
               20000                51651
              100000               169201
              500000              1171286
             2000000              5372913
option: -a chm -h fnv -p
                 200                 8895
                 400                 9142
                 800                 7088
                2000                11869
                4000                16215
                8000               280741
               20000             54004321
              100000               348719
              500000               993452
             2000000              8346744
option: -a chm3 -h fnv -p
                 200                 6640
                 400                 8486
                 800                 7139
                2000                 9446
                4000                12647
                8000                22045
               20000               204240
              100000               203446
              500000              1296998
             2000000              6816765
option: -a bpz -h fnv -p
                 200                 6395
                 400                 5832
                 800                 8716
                2000                11839
                4000                16153
                8000                25193
               20000               491730
              100000               227689
              500000              1097906
             2000000              5697035
option: -a chm -h crc -p
                 200                 8040
                 400                 7802
                 800                 9040
                2000                13397
                4000                14504
                8000                30006
               20000               964817
              100000               422919
              500000              3741818
             2000000             54047120
option: -a chm3 -h crc -p
                 200                 6306
                 400                 6693
                 800                 5749
                2000                10143
                4000                13256
                8000                18879
               20000                51293
              100000               259583
              500000             54012993
             2000000             54034395
option: -a bpz -h crc -p
                 200                 7989
                 400                 7231
                 800                 9374
                2000                15075
                4000                15059
                8000                15183
               20000                65542
              100000               207461
              500000              2088833
             2000000             54031979
option: -I -p
                 200                 6410
                 400                 6320
                 800                 8442
                2000                10923
                4000                19194
                8000                28892
               20000              6218848
              100000               408542
              500000             15780721
             2000000             54018252
option: -I -a chm3 -p
                 200                 7768
                 400                 9031
                 800                 9081
                2000                11640
                4000                17938
                8000                22959
               20000                75670
              100000              2372006
              500000              1394931
             2000000              5946764
option: -I -a bdz -p
                 200                 7611
                 400                 7706
                 800                 8123
                2000                18784
                4000                11320
                8000                22672
               20000                90630
              100000              2918005
              500000             54006804
             2000000             54021097
