option: -p -a chm
                 200                 6855
                 400                 8601
                 800                 8716
                2000                11147
                4000                18015
                8000                40939
               20000               320076
              100000               314298
              500000              1788507
             2000000             17644062
option: -pM
                 200                 6244
                 400                 6066
                 800                 7174
                2000                13267
                4000                16184
                8000                35168
               20000               259375
              100000               260106
              500000              2895320
             2000000             22437874
option: -p -c -2
                 200                 8038
                 400                 7740
                 800                 9462
                2000                13516
                4000                20815
                8000                21177
               20000                58918
              100000               203500
              500000              1641063
             2000000             11781100
option: -p -a chm3
                 200                 6225
                 400                10460
                 800                 9230
                2000                12873
                4000                18780
                8000                27971
               20000                67681
              100000               281760
              500000              1545103
             2000000              5447953
option: -pM -a chm3
                 200                 7224
                 400                 7901
                 800                 8831
                2000                 8622
                4000                15561
                8000                24326
               20000                57709
              100000               281441
              500000              2435685
             2000000              6562027
option: -p -a chm3 -c -2
                 200                 7825
                 400                 5966
                 800                 7847
                2000                10223
                4000                17084
                8000                22522
               20000                42696
              100000               306490
              500000              1512963
             2000000              7365069
option: -p -a bdz
                 200                 6480
                 400                12886
                 800                 8172
                2000                12382
                4000                12470
                8000                24819
               20000                41873
              100000               206344
              500000              2054343
             2000000              7443312
option: -pM -a bdz
                 200                 7478
                 400                 8448
                 800                 9607
                2000                12625
                4000                10720
                8000                23084
               20000                41961
              100000               214129
              500000              1784248
             2000000              7201611
option: -p -a bdz -c -2
                 200                 6779
                 400                 7705
                 800                 9245
                2000                11621
                4000                15716
                8000                16507
               20000                29557
              100000               274166
              500000              1127188
             2000000              6000017
