option: -p -a chm
                 200                  168
                 400                  157
                 800                  186
                2000                  304
                4000                  188
                8000                  217
               20000                  336
              100000                  579
              500000                 1281
             2000000                 5563
option: -pM
                 200                  198
                 400                  147
                 800                  378
                2000                  358
                4000                  497
                8000                  217
               20000                  313
              100000                  638
              500000                 1688
             2000000                 2753
option: -p -c -2
                 200                  255
                 400                  145
                 800                  367
                2000                  229
                4000                  182
                8000                  216
               20000                  984
              100000                  820
              500000                 2284
             2000000                 3480
option: -p -a chm3
                 200                  159
                 400                  154
                 800                  160
                2000                  155
                4000                  185
                8000                  430
               20000                  259
              100000                  591
              500000                  965
             2000000                 3565
option: -pM -a chm3
                 200                  152
                 400                  374
                 800                  208
                2000                  171
                4000                  287
                8000                  479
               20000                  503
              100000                  645
              500000                  970
             2000000                 2313
option: -p -a chm3 -c -2
                 200                  171
                 400                  160
                 800                  144
                2000                  216
                4000                  276
                8000                  322
               20000                  304
              100000                  658
              500000                 1407
             2000000                 3494
option: -p -a bdz
                 200                  141
                 400                  110
                 800                  118
                2000                   15
                4000                   24
                8000                   17
               20000                   36
              100000                   66
              500000                   79
             2000000                  105
option: -pM -a bdz
                 200                  534
                 400                  161
                 800                   67
                2000                   12
                4000                   12
                8000                   27
               20000                   35
              100000                   32
              500000                   58
             2000000                  198
option: -p -a bdz -c -2
                 200                  394
                 400                   99
                 800                   97
                2000                   14
                4000                   14
                8000                   13
               20000                   14
              100000                   29
              500000                   80
             2000000                  110
