option: -a chm -p
                 200                  183
                 400                  270
                 800                  179
                2000                  221
                4000                  267
                8000                  390
               20000                  332
              100000                  536
              500000                 1055
             2000000                 3001
option: -a chm3 -p
                 200                  293
                 400                  270
                 800                  252
                2000                  193
                4000                  205
                8000                  254
               20000                  281
              100000                  502
              500000                  826
             2000000                 1789
option: -a bdz -p
                 200                  177
                 400                  127
                 800                   50
                2000                   16
                4000                   25
                8000                   69
               20000                   17
              100000                   38
              500000                   50
             2000000                  103
option: -a chm -h wyhash -p
                 200                  159
                 400                  164
                 800                  174
                2000                  192
                4000                  190
                8000                  381
               20000                  329
              100000                  535
              500000                 1120
             2000000                 2953
option: -a chm3 -h wyhash -p
                 200                  253
                 400                  158
                 800                  178
                2000                  272
                4000                  169
                8000                  195
               20000                  280
              100000                  470
              500000                  970
             2000000                 1735
option: -a bdz -h wyhash -p
                 200                  141
                 400                  143
                 800                   61
                2000                   13
                4000                   17
                8000                   26
               20000                   38
              100000                   26
              500000                   74
             2000000                  111
option: -a chm -h fnv -p
                 200                  218
                 400                  174
                 800                  205
                2000                  177
                4000                  307
                8000                  297
              100000                  632
              500000                 1286
             2000000                 2533
option: -a chm3 -h fnv3 -p
                 200                  170
                 400                  181
                 800                  187
                2000                  238
                4000                  273
                8000                  291
               20000                  322
              100000                  556
              500000                  801
             2000000                 2211
option: -a bpz -h fnv3 -p
                 200                 5935
                 400                 7893
                 800                 4349
                2000                 5151
                4000                 7732
                8000                 6270
               20000                 6736
              100000                 4278
              500000                48977
             2000000                43767
option: -a chm -h crc -p
                 200                  200
                 400                 6546
                 800                 6693
                2000                 5626
                4000                 6504
                8000                 6175
               20000                 5980
              100000                 9129
              500000                48151
option: -a chm3 -h crc -p
                 200                  186
                8000                 7637
               20000                 7085
option: -a bpz -h crc -p
                 200                 6337
                 400                 6458
option: -I -p
                 200                  206
                 400                  218
                 800                  318
                2000                  225
                4000                  226
                8000                  284
               20000                  378
              100000                  685
              500000                 1069
option: -I -a chm3 -p
                 200                  331
                 400                  312
                 800                  241
                2000                  181
                4000                  237
                8000                  253
               20000                  604
              100000                  532
              500000                  867
             2000000                 1810
option: -I -a bdz -p
                 200                 6050
                 400                 7041
                 800                 6027
                2000                 7068
                4000                 7624
                8000                 8813
               20000                 8527
              100000                43082
