option: -a chm -p
                 200                16576
                 400                16576
                 800                20672
                2000                24768
                4000                32960
                8000                49344
               20000                94400
              100000               815296
              500000              3805376
             2000000             14962880
option: -a chm3 -p
                 200                16576
                 400                16576
                 800                16576
                2000                20672
                4000                24768
                8000                37056
               20000                65728
              100000               512192
              500000              2363584
             2000000              9285824
option: -a bdz -p
                 200                17152
                 400                17152
                 800                17152
                2000                17152
                4000                17152
                8000                21248
               20000                25352
              100000                49928
              500000               181000
             2000000               668424
option: -a chm -h wyhash -p
                 200                16472
                 400                16472
                 800                20568
                2000                24664
                4000                32856
                8000                49240
               20000                94296
              100000               815200
              500000              3801184
             2000000             14966880
option: -a chm3 -h wyhash -p
                 200                16472
                 400                16472
                 800                16472
                2000                20568
                4000                24664
                8000                36952
               20000                65632
              100000               512096
              500000              2363488
             2000000              9285728
option: -a bdz -h wyhash -p
                 200                17056
                 400                17056
                 800                17056
                2000                17056
                4000                17056
                8000                21152
               20000                25248
              100000                49824
              500000               180896
             2000000               668320
option: -a chm -h fnv -p
                 200                16472
                 400                16472
                 800                20568
                2000                24664
                4000                32856
                8000                49240
              100000               815192
              500000              3805272
             2000000             14962776
option: -a chm3 -h fnv -p
                 200                16472
                 400                16472
                 800                16472
                2000                20568
                4000                24664
                8000                36952
               20000                65624
              100000               512088
              500000              2363480
             2000000              9285720
option: -a bpz -h fnv -p
                 200                16584
                 400                16584
                 800                16584
                2000                20680
                4000                24776
                8000                32968
               20000                61648
              100000               450768
              500000              2072784
             2000000              8143056
option: -a chm -h crc -p
                 200                16472
                 400                16472
                 800                20568
                2000                24664
                4000                32856
                8000                49240
               20000                94296
              100000               815192
              500000              3801176
option: -a chm3 -h crc -p
                 200                16472
                 400                16472
                 800                16472
                2000                20568
                4000                24664
                8000                36952
               20000                65624
              100000               512088
option: -a bpz -h crc -p
                 200                16584
                 400                16584
                 800                16584
                2000                20680
                4000                24776
                8000                32968
               20000                61648
              100000               450768
              500000              2072784
option: -I -p
                 200                16624
                 400                16624
                 800                20720
                2000                24824
                4000                33016
                8000                49400
               20000                94456
              100000               815352
              500000              4014328
option: -I -a chm3 -p
                 200                16632
                 400                16632
                 800                16632
                2000                20728
                4000                24824
                8000                37112
               20000                65784
              100000               512248
              500000              2494712
             2000000              9933048
option: -I -a bdz -p
                 200                16704
                 400                16704
                 800                16704
                2000                16712
                4000                16712
                8000                20808
               20000                24904
              100000                49480
