option: -p -a chm
                 200                16576
                 400                16576
                 800                20672
                2000                24768
                4000                32960
                8000                49344
               20000                94400
              100000               815296
              500000              3805376
             2000000             14962880
option: -pM
                 200                16576
                 400                16576
                 800                20672
                2000                24768
                4000                32960
                8000                49344
               20000                94400
              100000               815296
              500000              3801280
             2000000             14966976
option: -p -c -2
                 200                16576
                 400                16576
                 800                20672
                2000                24768
                4000                32960
                8000                49344
               20000               278720
              100000              1065152
              500000              4210880
             2000000             16793792
option: -p -a chm3
                 200                16576
                 400                16576
                 800                16576
                2000                20672
                4000                24768
                8000                37056
               20000                65728
              100000               512192
              500000              2363584
             2000000              9285824
option: -pM -a chm3
                 200                16576
                 400                16576
                 800                16576
                2000                20672
                4000                24768
                8000                37056
               20000                65728
              100000               512192
              500000              2363584
             2000000              9285824
option: -p -a chm3 -c -2
                 200                16576
                 400                16576
                 800                16576
                2000                24768
                4000                32960
                8000                49344
               20000                82112
              100000               540864
              500000              4210880
             2000000             16793792
option: -p -a bdz
                 200                17152
                 400                17152
                 800                17152
                2000                17152
                4000                17152
                8000                21248
               20000                25352
              100000                49928
              500000               181000
             2000000               668424
option: -pM -a bdz
                 200                17152
                 400                17152
                 800                17152
                2000                17152
                4000                17152
                8000                21248
               20000                25352
              100000                49928
              500000               181000
             2000000               668424
option: -p -a bdz -c -2
                 200                17152
                 400                17152
                 800                17152
                2000                17152
                4000                17152
                8000                21248
               20000                25352
              100000                54024
              500000               312072
             2000000              1196808
